<?xml version="1.0" encoding="UTF-8"?>
<testsuite xmlns:xsi="http://www.w3.org/2001/XMLSchema-instance" xsi:noNamespaceSchemaLocation="https://maven.apache.org/surefire/maven-surefire-plugin/xsd/surefire-test-report.xsd" name="PlaylistUseCaseAdapterTests" time="0.916" tests="6" errors="0" skipped="0" failures="0">
  <properties>
    <property name="java.specification.version" value="17"/>
    <property name="sun.jnu.encoding" value="UTF-8"/>
    <property name="java.class.path" value="/home/adrianacirelli/Workspace/projects/grupo-04-mymusic/MyMusic/api-playlist/api-playlist-domain/target/test-classes:/home/adrianacirelli/Workspace/projects/grupo-04-mymusic/MyMusic/api-playlist/api-playlist-domain/target/classes:/home/adrianacirelli/.m2/repository/org/junit/jupiter/junit-jupiter/5.8.2/junit-jupiter-5.8.2.jar:/home/adrianacirelli/.m2/repository/org/junit/jupiter/junit-jupiter-api/5.8.2/junit-jupiter-api-5.8.2.jar:/home/adrianacirelli/.m2/repository/org/opentest4j/opentest4j/1.2.0/opentest4j-1.2.0.jar:/home/adrianacirelli/.m2/repository/org/junit/platform/junit-platform-commons/1.8.2/junit-platform-commons-1.8.2.jar:/home/adrianacirelli/.m2/repository/org/apiguardian/apiguardian-api/1.1.2/apiguardian-api-1.1.2.jar:/home/adrianacirelli/.m2/repository/org/junit/jupiter/junit-jupiter-params/5.8.2/junit-jupiter-params-5.8.2.jar:/home/adrianacirelli/.m2/repository/org/junit/jupiter/junit-jupiter-engine/5.8.2/junit-jupiter-engine-5.8.2.jar:/home/adrianacirelli/.m2/repository/org/junit/platform/junit-platform-engine/1.8.2/junit-platform-engine-1.8.2.jar:/home/adrianacirelli/.m2/repository/org/mockito/mockito-core/4.8.0/mockito-core-4.8.0.jar:/home/adrianacirelli/.m2/repository/net/bytebuddy/byte-buddy/1.12.13/byte-buddy-1.12.13.jar:/home/adrianacirelli/.m2/repository/net/bytebuddy/byte-buddy-agent/1.12.13/byte-buddy-agent-1.12.13.jar:/home/adrianacirelli/.m2/repository/org/objenesis/objenesis/3.2/objenesis-3.2.jar:/home/adrianacirelli/.m2/repository/junit/junit/4.13.2/junit-4.13.2.jar:/home/adrianacirelli/.m2/repository/org/hamcrest/hamcrest-core/2.2/hamcrest-core-2.2.jar:/home/adrianacirelli/.m2/repository/org/hamcrest/hamcrest/2.2/hamcrest-2.2.jar:/home/adrianacirelli/.m2/repository/org/mockito/mockito-junit-jupiter/4.8.0/mockito-junit-jupiter-4.8.0.jar:/home/adrianacirelli/.m2/repository/org/springdoc/springdoc-openapi-webmvc-core/1.6.11/springdoc-openapi-webmvc-core-1.6.11.jar:/home/adrianacirelli/.m2/repository/org/springdoc/springdoc-openapi-common/1.6.11/springdoc-openapi-common-1.6.11.jar:/home/adrianacirelli/.m2/repository/org/springframework/boot/spring-boot-autoconfigure/2.7.3/spring-boot-autoconfigure-2.7.3.jar:/home/adrianacirelli/.m2/repository/org/springframework/boot/spring-boot/2.7.3/spring-boot-2.7.3.jar:/home/adrianacirelli/.m2/repository/io/swagger/core/v3/swagger-core/2.2.2/swagger-core-2.2.2.jar:/home/adrianacirelli/.m2/repository/jakarta/xml/bind/jakarta.xml.bind-api/2.3.3/jakarta.xml.bind-api-2.3.3.jar:/home/adrianacirelli/.m2/repository/jakarta/activation/jakarta.activation-api/1.2.2/jakarta.activation-api-1.2.2.jar:/home/adrianacirelli/.m2/repository/org/apache/commons/commons-lang3/3.12.0/commons-lang3-3.12.0.jar:/home/adrianacirelli/.m2/repository/com/fasterxml/jackson/dataformat/jackson-dataformat-yaml/2.13.3/jackson-dataformat-yaml-2.13.3.jar:/home/adrianacirelli/.m2/repository/com/fasterxml/jackson/datatype/jackson-datatype-jsr310/2.13.3/jackson-datatype-jsr310-2.13.3.jar:/home/adrianacirelli/.m2/repository/io/swagger/core/v3/swagger-annotations/2.2.2/swagger-annotations-2.2.2.jar:/home/adrianacirelli/.m2/repository/io/swagger/core/v3/swagger-models/2.2.2/swagger-models-2.2.2.jar:/home/adrianacirelli/.m2/repository/jakarta/validation/jakarta.validation-api/2.0.2/jakarta.validation-api-2.0.2.jar:/home/adrianacirelli/.m2/repository/org/springframework/spring-webmvc/5.3.22/spring-webmvc-5.3.22.jar:/home/adrianacirelli/.m2/repository/org/springframework/spring-aop/5.3.22/spring-aop-5.3.22.jar:/home/adrianacirelli/.m2/repository/org/springframework/spring-beans/5.3.22/spring-beans-5.3.22.jar:/home/adrianacirelli/.m2/repository/org/springframework/spring-context/5.3.22/spring-context-5.3.22.jar:/home/adrianacirelli/.m2/repository/org/springframework/spring-core/5.3.22/spring-core-5.3.22.jar:/home/adrianacirelli/.m2/repository/org/springframework/spring-jcl/5.3.22/spring-jcl-5.3.22.jar:/home/adrianacirelli/.m2/repository/org/springframework/spring-expression/5.3.22/spring-expression-5.3.22.jar:/home/adrianacirelli/.m2/repository/org/springdoc/springdoc-openapi-ui/1.6.11/springdoc-openapi-ui-1.6.11.jar:/home/adrianacirelli/.m2/repository/org/webjars/swagger-ui/4.14.0/swagger-ui-4.14.0.jar:/home/adrianacirelli/.m2/repository/org/webjars/webjars-locator-core/0.50/webjars-locator-core-0.50.jar:/home/adrianacirelli/.m2/repository/org/slf4j/slf4j-api/1.7.36/slf4j-api-1.7.36.jar:/home/adrianacirelli/.m2/repository/com/fasterxml/jackson/core/jackson-core/2.13.3/jackson-core-2.13.3.jar:/home/adrianacirelli/.m2/repository/io/github/classgraph/classgraph/4.8.149/classgraph-4.8.149.jar:/home/adrianacirelli/.m2/repository/log4j/log4j/1.2.12/log4j-1.2.12.jar:/home/adrianacirelli/.m2/repository/org/mapstruct/mapstruct/1.5.2.Final/mapstruct-1.5.2.Final.jar:/home/adrianacirelli/.m2/repository/org/springframework/cloud/spring-cloud-starter-openfeign/3.1.4/spring-cloud-starter-openfeign-3.1.4.jar:/home/adrianacirelli/.m2/repository/org/springframework/cloud/spring-cloud-starter/3.1.4/spring-cloud-starter-3.1.4.jar:/home/adrianacirelli/.m2/repository/org/springframework/boot/spring-boot-starter/2.7.3/spring-boot-starter-2.7.3.jar:/home/adrianacirelli/.m2/repository/org/springframework/boot/spring-boot-starter-logging/2.7.3/spring-boot-starter-logging-2.7.3.jar:/home/adrianacirelli/.m2/repository/ch/qos/logback/logback-classic/1.2.11/logback-classic-1.2.11.jar:/home/adrianacirelli/.m2/repository/ch/qos/logback/logback-core/1.2.11/logback-core-1.2.11.jar:/home/adrianacirelli/.m2/repository/org/apache/logging/log4j/log4j-to-slf4j/2.17.2/log4j-to-slf4j-2.17.2.jar:/home/adrianacirelli/.m2/repository/org/apache/logging/log4j/log4j-api/2.17.2/log4j-api-2.17.2.jar:/home/adrianacirelli/.m2/repository/org/slf4j/jul-to-slf4j/1.7.36/jul-to-slf4j-1.7.36.jar:/home/adrianacirelli/.m2/repository/jakarta/annotation/jakarta.annotation-api/1.3.5/jakarta.annotation-api-1.3.5.jar:/home/adrianacirelli/.m2/repository/org/yaml/snakeyaml/1.30/snakeyaml-1.30.jar:/home/adrianacirelli/.m2/repository/org/springframework/cloud/spring-cloud-context/3.1.4/spring-cloud-context-3.1.4.jar:/home/adrianacirelli/.m2/repository/org/springframework/security/spring-security-rsa/1.0.11.RELEASE/spring-security-rsa-1.0.11.RELEASE.jar:/home/adrianacirelli/.m2/repository/org/bouncycastle/bcpkix-jdk15on/1.69/bcpkix-jdk15on-1.69.jar:/home/adrianacirelli/.m2/repository/org/bouncycastle/bcprov-jdk15on/1.69/bcprov-jdk15on-1.69.jar:/home/adrianacirelli/.m2/repository/org/bouncycastle/bcutil-jdk15on/1.69/bcutil-jdk15on-1.69.jar:/home/adrianacirelli/.m2/repository/org/springframework/cloud/spring-cloud-openfeign-core/3.1.4/spring-cloud-openfeign-core-3.1.4.jar:/home/adrianacirelli/.m2/repository/org/springframework/boot/spring-boot-starter-aop/2.7.3/spring-boot-starter-aop-2.7.3.jar:/home/adrianacirelli/.m2/repository/org/aspectj/aspectjweaver/1.9.7/aspectjweaver-1.9.7.jar:/home/adrianacirelli/.m2/repository/io/github/openfeign/form/feign-form-spring/3.8.0/feign-form-spring-3.8.0.jar:/home/adrianacirelli/.m2/repository/io/github/openfeign/form/feign-form/3.8.0/feign-form-3.8.0.jar:/home/adrianacirelli/.m2/repository/commons-fileupload/commons-fileupload/1.4/commons-fileupload-1.4.jar:/home/adrianacirelli/.m2/repository/org/springframework/spring-web/5.3.22/spring-web-5.3.22.jar:/home/adrianacirelli/.m2/repository/org/springframework/cloud/spring-cloud-commons/3.1.4/spring-cloud-commons-3.1.4.jar:/home/adrianacirelli/.m2/repository/org/springframework/security/spring-security-crypto/5.7.3/spring-security-crypto-5.7.3.jar:/home/adrianacirelli/.m2/repository/io/github/openfeign/feign-core/11.8/feign-core-11.8.jar:/home/adrianacirelli/.m2/repository/io/github/openfeign/feign-slf4j/11.8/feign-slf4j-11.8.jar:/home/adrianacirelli/.m2/repository/org/springframework/cloud/spring-cloud-starter-netflix-eureka-client/3.1.4/spring-cloud-starter-netflix-eureka-client-3.1.4.jar:/home/adrianacirelli/.m2/repository/org/springframework/cloud/spring-cloud-netflix-eureka-client/3.1.4/spring-cloud-netflix-eureka-client-3.1.4.jar:/home/adrianacirelli/.m2/repository/com/netflix/eureka/eureka-client/1.10.17/eureka-client-1.10.17.jar:/home/adrianacirelli/.m2/repository/com/netflix/netflix-commons/netflix-eventbus/0.3.0/netflix-eventbus-0.3.0.jar:/home/adrianacirelli/.m2/repository/com/netflix/netflix-commons/netflix-infix/0.3.0/netflix-infix-0.3.0.jar:/home/adrianacirelli/.m2/repository/commons-jxpath/commons-jxpath/1.3/commons-jxpath-1.3.jar:/home/adrianacirelli/.m2/repository/joda-time/joda-time/2.3/joda-time-2.3.jar:/home/adrianacirelli/.m2/repository/org/antlr/antlr-runtime/3.4/antlr-runtime-3.4.jar:/home/adrianacirelli/.m2/repository/org/antlr/stringtemplate/3.2.1/stringtemplate-3.2.1.jar:/home/adrianacirelli/.m2/repository/antlr/antlr/2.7.7/antlr-2.7.7.jar:/home/adrianacirelli/.m2/repository/com/google/code/gson/gson/2.9.1/gson-2.9.1.jar:/home/adrianacirelli/.m2/repository/org/apache/commons/commons-math/2.2/commons-math-2.2.jar:/home/adrianacirelli/.m2/repository/com/thoughtworks/xstream/xstream/1.4.18/xstream-1.4.18.jar:/home/adrianacirelli/.m2/repository/io/github/x-stream/mxparser/1.2.2/mxparser-1.2.2.jar:/home/adrianacirelli/.m2/repository/xmlpull/xmlpull/1.1.3.1/xmlpull-1.1.3.1.jar:/home/adrianacirelli/.m2/repository/javax/ws/rs/jsr311-api/1.1.1/jsr311-api-1.1.1.jar:/home/adrianacirelli/.m2/repository/com/netflix/servo/servo-core/0.12.21/servo-core-0.12.21.jar:/home/adrianacirelli/.m2/repository/com/google/guava/guava/19.0/guava-19.0.jar:/home/adrianacirelli/.m2/repository/org/apache/httpcomponents/httpclient/4.5.13/httpclient-4.5.13.jar:/home/adrianacirelli/.m2/repository/org/apache/httpcomponents/httpcore/4.4.15/httpcore-4.4.15.jar:/home/adrianacirelli/.m2/repository/commons-codec/commons-codec/1.15/commons-codec-1.15.jar:/home/adrianacirelli/.m2/repository/commons-configuration/commons-configuration/1.10/commons-configuration-1.10.jar:/home/adrianacirelli/.m2/repository/commons-lang/commons-lang/2.6/commons-lang-2.6.jar:/home/adrianacirelli/.m2/repository/com/google/inject/guice/4.1.0/guice-4.1.0.jar:/home/adrianacirelli/.m2/repository/javax/inject/javax.inject/1/javax.inject-1.jar:/home/adrianacirelli/.m2/repository/com/fasterxml/jackson/core/jackson-annotations/2.13.3/jackson-annotations-2.13.3.jar:/home/adrianacirelli/.m2/repository/com/fasterxml/jackson/core/jackson-databind/2.13.3/jackson-databind-2.13.3.jar:/home/adrianacirelli/.m2/repository/org/codehaus/jettison/jettison/1.4.0/jettison-1.4.0.jar:/home/adrianacirelli/.m2/repository/com/netflix/eureka/eureka-core/1.10.17/eureka-core-1.10.17.jar:/home/adrianacirelli/.m2/repository/com/fasterxml/woodstox/woodstox-core/6.2.1/woodstox-core-6.2.1.jar:/home/adrianacirelli/.m2/repository/org/codehaus/woodstox/stax2-api/4.2.1/stax2-api-4.2.1.jar:/home/adrianacirelli/.m2/repository/org/springframework/cloud/spring-cloud-starter-loadbalancer/3.1.4/spring-cloud-starter-loadbalancer-3.1.4.jar:/home/adrianacirelli/.m2/repository/org/springframework/cloud/spring-cloud-loadbalancer/3.1.4/spring-cloud-loadbalancer-3.1.4.jar:/home/adrianacirelli/.m2/repository/io/projectreactor/reactor-core/3.4.22/reactor-core-3.4.22.jar:/home/adrianacirelli/.m2/repository/org/reactivestreams/reactive-streams/1.0.4/reactive-streams-1.0.4.jar:/home/adrianacirelli/.m2/repository/io/projectreactor/addons/reactor-extra/3.4.8/reactor-extra-3.4.8.jar:/home/adrianacirelli/.m2/repository/org/springframework/boot/spring-boot-starter-cache/2.7.3/spring-boot-starter-cache-2.7.3.jar:/home/adrianacirelli/.m2/repository/org/springframework/spring-context-support/5.3.22/spring-context-support-5.3.22.jar:/home/adrianacirelli/.m2/repository/com/stoyanr/evictor/1.0.0/evictor-1.0.0.jar:"/>
    <property name="java.vm.vendor" value="Oracle Corporation"/>
    <property name="sun.arch.data.model" value="64"/>
    <property name="java.vendor.url" value="https://java.oracle.com/"/>
    <property name="os.name" value="Linux"/>
    <property name="java.vm.specification.version" value="17"/>
    <property name="sun.java.launcher" value="SUN_STANDARD"/>
    <property name="user.country" value="BR"/>
    <property name="sun.boot.library.path" value="/usr/lib/jvm/jdk-17/lib"/>
    <property name="sun.java.command" value="/home/adrianacirelli/Workspace/projects/grupo-04-mymusic/MyMusic/api-playlist/api-playlist-domain/target/surefire/surefirebooter16772408969164490965.jar /home/adrianacirelli/Workspace/projects/grupo-04-mymusic/MyMusic/api-playlist/api-playlist-domain/target/surefire 2022-10-13T15-12-54_692-jvmRun1 surefire6636085794842524809tmp surefire_19280042121199165327tmp"/>
    <property name="jdk.debug" value="release"/>
    <property name="surefire.test.class.path" value="/home/adrianacirelli/Workspace/projects/grupo-04-mymusic/MyMusic/api-playlist/api-playlist-domain/target/test-classes:/home/adrianacirelli/Workspace/projects/grupo-04-mymusic/MyMusic/api-playlist/api-playlist-domain/target/classes:/home/adrianacirelli/.m2/repository/org/junit/jupiter/junit-jupiter/5.8.2/junit-jupiter-5.8.2.jar:/home/adrianacirelli/.m2/repository/org/junit/jupiter/junit-jupiter-api/5.8.2/junit-jupiter-api-5.8.2.jar:/home/adrianacirelli/.m2/repository/org/opentest4j/opentest4j/1.2.0/opentest4j-1.2.0.jar:/home/adrianacirelli/.m2/repository/org/junit/platform/junit-platform-commons/1.8.2/junit-platform-commons-1.8.2.jar:/home/adrianacirelli/.m2/repository/org/apiguardian/apiguardian-api/1.1.2/apiguardian-api-1.1.2.jar:/home/adrianacirelli/.m2/repository/org/junit/jupiter/junit-jupiter-params/5.8.2/junit-jupiter-params-5.8.2.jar:/home/adrianacirelli/.m2/repository/org/junit/jupiter/junit-jupiter-engine/5.8.2/junit-jupiter-engine-5.8.2.jar:/home/adrianacirelli/.m2/repository/org/junit/platform/junit-platform-engine/1.8.2/junit-platform-engine-1.8.2.jar:/home/adrianacirelli/.m2/repository/org/mockito/mockito-core/4.8.0/mockito-core-4.8.0.jar:/home/adrianacirelli/.m2/repository/net/bytebuddy/byte-buddy/1.12.13/byte-buddy-1.12.13.jar:/home/adrianacirelli/.m2/repository/net/bytebuddy/byte-buddy-agent/1.12.13/byte-buddy-agent-1.12.13.jar:/home/adrianacirelli/.m2/repository/org/objenesis/objenesis/3.2/objenesis-3.2.jar:/home/adrianacirelli/.m2/repository/junit/junit/4.13.2/junit-4.13.2.jar:/home/adrianacirelli/.m2/repository/org/hamcrest/hamcrest-core/2.2/hamcrest-core-2.2.jar:/home/adrianacirelli/.m2/repository/org/hamcrest/hamcrest/2.2/hamcrest-2.2.jar:/home/adrianacirelli/.m2/repository/org/mockito/mockito-junit-jupiter/4.8.0/mockito-junit-jupiter-4.8.0.jar:/home/adrianacirelli/.m2/repository/org/springdoc/springdoc-openapi-webmvc-core/1.6.11/springdoc-openapi-webmvc-core-1.6.11.jar:/home/adrianacirelli/.m2/repository/org/springdoc/springdoc-openapi-common/1.6.11/springdoc-openapi-common-1.6.11.jar:/home/adrianacirelli/.m2/repository/org/springframework/boot/spring-boot-autoconfigure/2.7.3/spring-boot-autoconfigure-2.7.3.jar:/home/adrianacirelli/.m2/repository/org/springframework/boot/spring-boot/2.7.3/spring-boot-2.7.3.jar:/home/adrianacirelli/.m2/repository/io/swagger/core/v3/swagger-core/2.2.2/swagger-core-2.2.2.jar:/home/adrianacirelli/.m2/repository/jakarta/xml/bind/jakarta.xml.bind-api/2.3.3/jakarta.xml.bind-api-2.3.3.jar:/home/adrianacirelli/.m2/repository/jakarta/activation/jakarta.activation-api/1.2.2/jakarta.activation-api-1.2.2.jar:/home/adrianacirelli/.m2/repository/org/apache/commons/commons-lang3/3.12.0/commons-lang3-3.12.0.jar:/home/adrianacirelli/.m2/repository/com/fasterxml/jackson/dataformat/jackson-dataformat-yaml/2.13.3/jackson-dataformat-yaml-2.13.3.jar:/home/adrianacirelli/.m2/repository/com/fasterxml/jackson/datatype/jackson-datatype-jsr310/2.13.3/jackson-datatype-jsr310-2.13.3.jar:/home/adrianacirelli/.m2/repository/io/swagger/core/v3/swagger-annotations/2.2.2/swagger-annotations-2.2.2.jar:/home/adrianacirelli/.m2/repository/io/swagger/core/v3/swagger-models/2.2.2/swagger-models-2.2.2.jar:/home/adrianacirelli/.m2/repository/jakarta/validation/jakarta.validation-api/2.0.2/jakarta.validation-api-2.0.2.jar:/home/adrianacirelli/.m2/repository/org/springframework/spring-webmvc/5.3.22/spring-webmvc-5.3.22.jar:/home/adrianacirelli/.m2/repository/org/springframework/spring-aop/5.3.22/spring-aop-5.3.22.jar:/home/adrianacirelli/.m2/repository/org/springframework/spring-beans/5.3.22/spring-beans-5.3.22.jar:/home/adrianacirelli/.m2/repository/org/springframework/spring-context/5.3.22/spring-context-5.3.22.jar:/home/adrianacirelli/.m2/repository/org/springframework/spring-core/5.3.22/spring-core-5.3.22.jar:/home/adrianacirelli/.m2/repository/org/springframework/spring-jcl/5.3.22/spring-jcl-5.3.22.jar:/home/adrianacirelli/.m2/repository/org/springframework/spring-expression/5.3.22/spring-expression-5.3.22.jar:/home/adrianacirelli/.m2/repository/org/springdoc/springdoc-openapi-ui/1.6.11/springdoc-openapi-ui-1.6.11.jar:/home/adrianacirelli/.m2/repository/org/webjars/swagger-ui/4.14.0/swagger-ui-4.14.0.jar:/home/adrianacirelli/.m2/repository/org/webjars/webjars-locator-core/0.50/webjars-locator-core-0.50.jar:/home/adrianacirelli/.m2/repository/org/slf4j/slf4j-api/1.7.36/slf4j-api-1.7.36.jar:/home/adrianacirelli/.m2/repository/com/fasterxml/jackson/core/jackson-core/2.13.3/jackson-core-2.13.3.jar:/home/adrianacirelli/.m2/repository/io/github/classgraph/classgraph/4.8.149/classgraph-4.8.149.jar:/home/adrianacirelli/.m2/repository/log4j/log4j/1.2.12/log4j-1.2.12.jar:/home/adrianacirelli/.m2/repository/org/mapstruct/mapstruct/1.5.2.Final/mapstruct-1.5.2.Final.jar:/home/adrianacirelli/.m2/repository/org/springframework/cloud/spring-cloud-starter-openfeign/3.1.4/spring-cloud-starter-openfeign-3.1.4.jar:/home/adrianacirelli/.m2/repository/org/springframework/cloud/spring-cloud-starter/3.1.4/spring-cloud-starter-3.1.4.jar:/home/adrianacirelli/.m2/repository/org/springframework/boot/spring-boot-starter/2.7.3/spring-boot-starter-2.7.3.jar:/home/adrianacirelli/.m2/repository/org/springframework/boot/spring-boot-starter-logging/2.7.3/spring-boot-starter-logging-2.7.3.jar:/home/adrianacirelli/.m2/repository/ch/qos/logback/logback-classic/1.2.11/logback-classic-1.2.11.jar:/home/adrianacirelli/.m2/repository/ch/qos/logback/logback-core/1.2.11/logback-core-1.2.11.jar:/home/adrianacirelli/.m2/repository/org/apache/logging/log4j/log4j-to-slf4j/2.17.2/log4j-to-slf4j-2.17.2.jar:/home/adrianacirelli/.m2/repository/org/apache/logging/log4j/log4j-api/2.17.2/log4j-api-2.17.2.jar:/home/adrianacirelli/.m2/repository/org/slf4j/jul-to-slf4j/1.7.36/jul-to-slf4j-1.7.36.jar:/home/adrianacirelli/.m2/repository/jakarta/annotation/jakarta.annotation-api/1.3.5/jakarta.annotation-api-1.3.5.jar:/home/adrianacirelli/.m2/repository/org/yaml/snakeyaml/1.30/snakeyaml-1.30.jar:/home/adrianacirelli/.m2/repository/org/springframework/cloud/spring-cloud-context/3.1.4/spring-cloud-context-3.1.4.jar:/home/adrianacirelli/.m2/repository/org/springframework/security/spring-security-rsa/1.0.11.RELEASE/spring-security-rsa-1.0.11.RELEASE.jar:/home/adrianacirelli/.m2/repository/org/bouncycastle/bcpkix-jdk15on/1.69/bcpkix-jdk15on-1.69.jar:/home/adrianacirelli/.m2/repository/org/bouncycastle/bcprov-jdk15on/1.69/bcprov-jdk15on-1.69.jar:/home/adrianacirelli/.m2/repository/org/bouncycastle/bcutil-jdk15on/1.69/bcutil-jdk15on-1.69.jar:/home/adrianacirelli/.m2/repository/org/springframework/cloud/spring-cloud-openfeign-core/3.1.4/spring-cloud-openfeign-core-3.1.4.jar:/home/adrianacirelli/.m2/repository/org/springframework/boot/spring-boot-starter-aop/2.7.3/spring-boot-starter-aop-2.7.3.jar:/home/adrianacirelli/.m2/repository/org/aspectj/aspectjweaver/1.9.7/aspectjweaver-1.9.7.jar:/home/adrianacirelli/.m2/repository/io/github/openfeign/form/feign-form-spring/3.8.0/feign-form-spring-3.8.0.jar:/home/adrianacirelli/.m2/repository/io/github/openfeign/form/feign-form/3.8.0/feign-form-3.8.0.jar:/home/adrianacirelli/.m2/repository/commons-fileupload/commons-fileupload/1.4/commons-fileupload-1.4.jar:/home/adrianacirelli/.m2/repository/org/springframework/spring-web/5.3.22/spring-web-5.3.22.jar:/home/adrianacirelli/.m2/repository/org/springframework/cloud/spring-cloud-commons/3.1.4/spring-cloud-commons-3.1.4.jar:/home/adrianacirelli/.m2/repository/org/springframework/security/spring-security-crypto/5.7.3/spring-security-crypto-5.7.3.jar:/home/adrianacirelli/.m2/repository/io/github/openfeign/feign-core/11.8/feign-core-11.8.jar:/home/adrianacirelli/.m2/repository/io/github/openfeign/feign-slf4j/11.8/feign-slf4j-11.8.jar:/home/adrianacirelli/.m2/repository/org/springframework/cloud/spring-cloud-starter-netflix-eureka-client/3.1.4/spring-cloud-starter-netflix-eureka-client-3.1.4.jar:/home/adrianacirelli/.m2/repository/org/springframework/cloud/spring-cloud-netflix-eureka-client/3.1.4/spring-cloud-netflix-eureka-client-3.1.4.jar:/home/adrianacirelli/.m2/repository/com/netflix/eureka/eureka-client/1.10.17/eureka-client-1.10.17.jar:/home/adrianacirelli/.m2/repository/com/netflix/netflix-commons/netflix-eventbus/0.3.0/netflix-eventbus-0.3.0.jar:/home/adrianacirelli/.m2/repository/com/netflix/netflix-commons/netflix-infix/0.3.0/netflix-infix-0.3.0.jar:/home/adrianacirelli/.m2/repository/commons-jxpath/commons-jxpath/1.3/commons-jxpath-1.3.jar:/home/adrianacirelli/.m2/repository/joda-time/joda-time/2.3/joda-time-2.3.jar:/home/adrianacirelli/.m2/repository/org/antlr/antlr-runtime/3.4/antlr-runtime-3.4.jar:/home/adrianacirelli/.m2/repository/org/antlr/stringtemplate/3.2.1/stringtemplate-3.2.1.jar:/home/adrianacirelli/.m2/repository/antlr/antlr/2.7.7/antlr-2.7.7.jar:/home/adrianacirelli/.m2/repository/com/google/code/gson/gson/2.9.1/gson-2.9.1.jar:/home/adrianacirelli/.m2/repository/org/apache/commons/commons-math/2.2/commons-math-2.2.jar:/home/adrianacirelli/.m2/repository/com/thoughtworks/xstream/xstream/1.4.18/xstream-1.4.18.jar:/home/adrianacirelli/.m2/repository/io/github/x-stream/mxparser/1.2.2/mxparser-1.2.2.jar:/home/adrianacirelli/.m2/repository/xmlpull/xmlpull/1.1.3.1/xmlpull-1.1.3.1.jar:/home/adrianacirelli/.m2/repository/javax/ws/rs/jsr311-api/1.1.1/jsr311-api-1.1.1.jar:/home/adrianacirelli/.m2/repository/com/netflix/servo/servo-core/0.12.21/servo-core-0.12.21.jar:/home/adrianacirelli/.m2/repository/com/google/guava/guava/19.0/guava-19.0.jar:/home/adrianacirelli/.m2/repository/org/apache/httpcomponents/httpclient/4.5.13/httpclient-4.5.13.jar:/home/adrianacirelli/.m2/repository/org/apache/httpcomponents/httpcore/4.4.15/httpcore-4.4.15.jar:/home/adrianacirelli/.m2/repository/commons-codec/commons-codec/1.15/commons-codec-1.15.jar:/home/adrianacirelli/.m2/repository/commons-configuration/commons-configuration/1.10/commons-configuration-1.10.jar:/home/adrianacirelli/.m2/repository/commons-lang/commons-lang/2.6/commons-lang-2.6.jar:/home/adrianacirelli/.m2/repository/com/google/inject/guice/4.1.0/guice-4.1.0.jar:/home/adrianacirelli/.m2/repository/javax/inject/javax.inject/1/javax.inject-1.jar:/home/adrianacirelli/.m2/repository/com/fasterxml/jackson/core/jackson-annotations/2.13.3/jackson-annotations-2.13.3.jar:/home/adrianacirelli/.m2/repository/com/fasterxml/jackson/core/jackson-databind/2.13.3/jackson-databind-2.13.3.jar:/home/adrianacirelli/.m2/repository/org/codehaus/jettison/jettison/1.4.0/jettison-1.4.0.jar:/home/adrianacirelli/.m2/repository/com/netflix/eureka/eureka-core/1.10.17/eureka-core-1.10.17.jar:/home/adrianacirelli/.m2/repository/com/fasterxml/woodstox/woodstox-core/6.2.1/woodstox-core-6.2.1.jar:/home/adrianacirelli/.m2/repository/org/codehaus/woodstox/stax2-api/4.2.1/stax2-api-4.2.1.jar:/home/adrianacirelli/.m2/repository/org/springframework/cloud/spring-cloud-starter-loadbalancer/3.1.4/spring-cloud-starter-loadbalancer-3.1.4.jar:/home/adrianacirelli/.m2/repository/org/springframework/cloud/spring-cloud-loadbalancer/3.1.4/spring-cloud-loadbalancer-3.1.4.jar:/home/adrianacirelli/.m2/repository/io/projectreactor/reactor-core/3.4.22/reactor-core-3.4.22.jar:/home/adrianacirelli/.m2/repository/org/reactivestreams/reactive-streams/1.0.4/reactive-streams-1.0.4.jar:/home/adrianacirelli/.m2/repository/io/projectreactor/addons/reactor-extra/3.4.8/reactor-extra-3.4.8.jar:/home/adrianacirelli/.m2/repository/org/springframework/boot/spring-boot-starter-cache/2.7.3/spring-boot-starter-cache-2.7.3.jar:/home/adrianacirelli/.m2/repository/org/springframework/spring-context-support/5.3.22/spring-context-support-5.3.22.jar:/home/adrianacirelli/.m2/repository/com/stoyanr/evictor/1.0.0/evictor-1.0.0.jar:"/>
    <property name="sun.cpu.endian" value="little"/>
    <property name="user.home" value="/home/adrianacirelli"/>
    <property name="user.language" value="pt"/>
    <property name="java.specification.vendor" value="Oracle Corporation"/>
    <property name="java.version.date" value="2022-07-19"/>
    <property name="java.home" value="/usr/lib/jvm/jdk-17"/>
    <property name="file.separator" value="/"/>
    <property name="basedir" value="/home/adrianacirelli/Workspace/projects/grupo-04-mymusic/MyMusic/api-playlist/api-playlist-domain"/>
    <property name="java.vm.compressedOopsMode" value="Zero based"/>
    <property name="line.separator" value="&#10;"/>
    <property name="java.vm.specification.vendor" value="Oracle Corporation"/>
    <property name="java.specification.name" value="Java Platform API Specification"/>
    <property name="surefire.real.class.path" value="/home/adrianacirelli/Workspace/projects/grupo-04-mymusic/MyMusic/api-playlist/api-playlist-domain/target/surefire/surefirebooter16772408969164490965.jar"/>
    <property name="sun.management.compiler" value="HotSpot 64-Bit Tiered Compilers"/>
    <property name="java.runtime.version" value="17.0.4+11-LTS-179"/>
    <property name="user.name" value="CIANDT\adrianacirelli"/>
    <property name="path.separator" value=":"/>
    <property name="os.version" value="5.18.12-051812-generic"/>
    <property name="java.runtime.name" value="Java(TM) SE Runtime Environment"/>
    <property name="file.encoding" value="UTF-8"/>
    <property name="java.vm.name" value="Java HotSpot(TM) 64-Bit Server VM"/>
    <property name="localRepository" value="/home/adrianacirelli/.m2/repository"/>
    <property name="java.vendor.url.bug" value="https://bugreport.java.com/bugreport/"/>
    <property name="java.io.tmpdir" value="/tmp"/>
    <property name="idea.version" value="2022.2"/>
    <property name="java.version" value="17.0.4"/>
    <property name="user.dir" value="/home/adrianacirelli/Workspace/projects/grupo-04-mymusic/MyMusic/api-playlist/api-playlist-domain"/>
    <property name="os.arch" value="amd64"/>
    <property name="java.vm.specification.name" value="Java Virtual Machine Specification"/>
    <property name="native.encoding" value="UTF-8"/>
    <property name="java.library.path" value="/usr/java/packages/lib:/usr/lib64:/lib64:/lib:/usr/lib"/>
    <property name="java.vm.info" value="mixed mode, sharing"/>
    <property name="java.vendor" value="Oracle Corporation"/>
    <property name="java.vm.version" value="17.0.4+11-LTS-179"/>
    <property name="sun.io.unicode.encoding" value="UnicodeLittle"/>
    <property name="java.class.version" value="61.0"/>
  </properties>
  <testcase name="shouldReturnExceptionIfMusicNotFound" classname="PlaylistUseCaseAdapterTests" time="0.802"/>
  <testcase name="shouldReturnPlaylistFound" classname="PlaylistUseCaseAdapterTests" time="0.015"/>
  <testcase name="shouldRemoveMusicToExistentPlaylist" classname="PlaylistUseCaseAdapterTests" time="0.014"/>
  <testcase name="shouldAddNewMusicToExistentPlaylist" classname="PlaylistUseCaseAdapterTests" time="0.005"/>
  <testcase name="shouldReturnMusicFound" classname="PlaylistUseCaseAdapterTests" time="0.004"/>
  <testcase name="shouldReturnExceptionIfPlaylistNotFound" classname="PlaylistUseCaseAdapterTests" time="0.004"/>
</testsuite>